<?xml version="1.0" encoding="utf-8"?><testsuites><testsuite name="pytest" errors="0" failures="0" skipped="0" tests="30" time="11.022" timestamp="2025-05-25T04:16:19.641373" hostname="96d6f04d5780"><testcase classname="tests.test_auth.TestPasswordHashing" name="test_password_hashing" time="0.730" /><testcase classname="tests.test_auth.TestPasswordHashing" name="test_different_passwords_different_hashes" time="0.446" /><testcase classname="tests.test_auth.TestPasswordHashing" name="test_same_password_different_hashes" time="0.874" /><testcase classname="tests.test_auth.TestJWTTokens" name="test_create_access_token" time="0.001" /><testcase classname="tests.test_auth.TestJWTTokens" name="test_create_refresh_token" time="0.001" /><testcase classname="tests.test_auth.TestJWTTokens" name="test_decode_valid_token" time="0.001" /><testcase classname="tests.test_auth.TestJWTTokens" name="test_decode_invalid_token" time="0.002" /><testcase classname="tests.test_auth.TestJWTTokens" name="test_decode_expired_token" time="0.001" /><testcase classname="tests.test_auth.TestJWTTokens" name="test_sign_jwt_complete" time="0.001" /><testcase classname="tests.test_auth.TestRolePermissions" name="test_get_user_role_by_experience" time="0.002" /><testcase classname="tests.test_auth.TestRolePermissions" name="test_get_user_permissions" time="0.073" /><testcase classname="tests.test_auth.TestAuthEndpoints" name="test_register_new_user" time="0.490" /><testcase classname="tests.test_auth.TestAuthEndpoints" name="test_register_duplicate_email" time="0.229" /><testcase classname="tests.test_auth.TestAuthEndpoints" name="test_login_valid_credentials" time="0.492" /><testcase classname="tests.test_auth.TestAuthEndpoints" name="test_login_invalid_credentials" time="0.465" /><testcase classname="tests.test_auth.TestAuthEndpoints" name="test_login_nonexistent_user" time="0.015" /><testcase classname="tests.test_auth.TestAuthEndpoints" name="test_get_current_user" time="0.501" /><testcase classname="tests.test_auth.TestAuthEndpoints" name="test_get_current_user_invalid_token" time="0.007" /><testcase classname="tests.test_auth.TestAuthEndpoints" name="test_refresh_token" time="0.488" /><testcase classname="tests.test_auth.TestAuthEndpoints" name="test_refresh_token_invalid" time="0.006" /><testcase classname="tests.test_auth.TestAuthEndpoints" name="test_change_password" time="1.398" /><testcase classname="tests.test_auth.TestAuthEndpoints" name="test_change_password_wrong_current" time="0.711" /><testcase classname="tests.test_auth.TestAuthEndpoints" name="test_verify_token" time="0.477" /><testcase classname="tests.test_auth.TestAuthEndpoints" name="test_verify_invalid_token" time="0.004" /><testcase classname="tests.test_auth.TestSecurityFeatures" name="test_inactive_user_login" time="0.468" /><testcase classname="tests.test_auth.TestSecurityFeatures" name="test_password_reset_request" time="0.246" /><testcase classname="tests.test_auth.TestSecurityFeatures" name="test_password_reset_nonexistent_email" time="0.007" /><testcase classname="tests.test_auth.TestSecurityFeatures" name="test_token_expiration_handling" time="0.008" /><testcase classname="tests.test_auth.TestSecurityFeatures" name="test_malformed_token_handling" time="0.028" /><testcase classname="tests.test_auth.TestRoleBasedAccess" name="test_role_upgrade_by_experience" time="0.548" /></testsuite></testsuites>