<?xml version="1.0" encoding="utf-8"?><testsuites><testsuite name="pytest" errors="0" failures="0" skipped="0" tests="6" time="0.454" timestamp="2025-05-25T10:54:05.385021" hostname="898297eb1d97"><testcase classname="tests.test_auth.TestJWTTokens" name="test_create_access_token" time="0.289" /><testcase classname="tests.test_auth.TestJWTTokens" name="test_create_refresh_token" time="0.001" /><testcase classname="tests.test_auth.TestJWTTokens" name="test_decode_valid_token" time="0.002" /><testcase classname="tests.test_auth.TestJWTTokens" name="test_decode_invalid_token" time="0.002" /><testcase classname="tests.test_auth.TestJWTTokens" name="test_decode_expired_token" time="0.002" /><testcase classname="tests.test_auth.TestJWTTokens" name="test_sign_jwt_complete" time="0.002" /></testsuite></testsuites>