<?xml version="1.0" encoding="utf-8"?><testsuites><testsuite name="pytest" errors="0" failures="0" skipped="0" tests="5" time="3.832" timestamp="2025-05-25T04:19:13.526776" hostname="3110c438db6c"><testcase classname="tests.test_auth.TestSecurityFeatures" name="test_inactive_user_login" time="0.954" /><testcase classname="tests.test_auth.TestSecurityFeatures" name="test_password_reset_request" time="0.257" /><testcase classname="tests.test_auth.TestSecurityFeatures" name="test_password_reset_nonexistent_email" time="0.004" /><testcase classname="tests.test_auth.TestSecurityFeatures" name="test_token_expiration_handling" time="0.008" /><testcase classname="tests.test_auth.TestSecurityFeatures" name="test_malformed_token_handling" time="0.083" /></testsuite></testsuites>