<?xml version="1.0" encoding="utf-8"?><testsuites><testsuite name="pytest" errors="0" failures="0" skipped="2" tests="2" time="1.230" timestamp="2025-05-25T02:13:52.935671" hostname="1296a38952b6"><testcase classname="tests.test_unit_xml_parser.TestElementParsing" name="test_parse_elements_puaams101" time="0.002"><skipped type="pytest.skip" message="Test XML file not found: /tgaWebServiceKit-2021-12-01/xml/Unit_PUAAMS101_R1.xml">/app/tests/test_unit_xml_parser.py:31: Test XML file not found: /tgaWebServiceKit-2021-12-01/xml/Unit_PUAAMS101_R1.xml</skipped></testcase><testcase classname="tests.test_unit_xml_parser.TestElementParsing" name="test_store_elements_mock" time="0.001"><skipped type="pytest.skip" message="Integration test requires database connection">/app/tests/test_unit_xml_parser.py:64: Integration test requires database connection</skipped></testcase></testsuite></testsuites>